app/build/intermediates/manifest_merge_blame_file/debug/processDebugMainManifest/manifest-merger-blame-debug-report.txt
1<?xml version="1.0" encoding="utf-8"?>
2<manifest xmlns:android="http://schemas.android.com/apk/res/android"
3    package="com.dropbox.core.examples.android"
4    android:versionCode="1"
5    android:versionName="1.0" >
6
7    <uses-sdk
8        android:minSdkVersion="24"
9        android:targetSdkVersion="34" />
10
11    <uses-permission android:name="android.permission.INTERNET" />
11-->src\main\AndroidManifest.xml:6:5-67
11-->src\main\AndroidManifest.xml:6:22-64
12    <uses-permission
12-->src\main\AndroidManifest.xml:7:5-8:38
13        android:name="android.permission.READ_EXTERNAL_STORAGE"
13-->src\main\AndroidManifest.xml:7:22-77
14        android:maxSdkVersion="28" />
14-->src\main\AndroidManifest.xml:8:9-35
15    <uses-permission
15-->src\main\AndroidManifest.xml:9:5-10:37
16        android:name="android.permission.WRITE_EXTERNAL_STORAGE"
16-->src\main\AndroidManifest.xml:9:22-78
17        android:maxSdkVersion="28" />
17-->src\main\AndroidManifest.xml:10:9-35
18    <uses-permission android:name="com.google.android.providers.gsf.permission.READ_GSERVICES" />
18-->[com.google.android.libraries.play.games:inputmapping:1.1.1-beta] AndroidManifest.xml:9:5-98
18-->[com.google.android.libraries.play.games:inputmapping:1.1.1-beta] AndroidManifest.xml:9:22-95
19    <uses-permission android:name="android.permission.ACCESS_NETWORK_STATE" />
19-->[com.google.android.libraries.play.games:inputmapping:1.1.1-beta] AndroidManifest.xml:10:5-79
19-->[com.google.android.libraries.play.games:inputmapping:1.1.1-beta] AndroidManifest.xml:10:22-76
20
21    <permission
21-->[androidx.core:core:1.13.0] AndroidManifest.xml:22:5-24:47
22        android:name="com.dropbox.core.examples.android.DYNAMIC_RECEIVER_NOT_EXPORTED_PERMISSION"
22-->[androidx.core:core:1.13.0] AndroidManifest.xml:23:9-81
23        android:protectionLevel="signature" />
23-->[androidx.core:core:1.13.0] AndroidManifest.xml:24:9-44
24
25    <uses-permission android:name="com.dropbox.core.examples.android.DYNAMIC_RECEIVER_NOT_EXPORTED_PERMISSION" />
25-->[androidx.core:core:1.13.0] AndroidManifest.xml:26:5-97
25-->[androidx.core:core:1.13.0] AndroidManifest.xml:26:22-94
26
27    <queries>
27-->[com.dropbox.core:dropbox-android-sdk:6.0.0] AndroidManifest.xml:9:5-11:15
28        <package android:name="com.dropbox.android" />
28-->[com.dropbox.core:dropbox-android-sdk:6.0.0] AndroidManifest.xml:10:9-55
28-->[com.dropbox.core:dropbox-android-sdk:6.0.0] AndroidManifest.xml:10:18-52
29    </queries>
30
31    <application
31-->src\main\AndroidManifest.xml:13:5-54:19
32        android:allowBackup="false"
32-->src\main\AndroidManifest.xml:14:9-36
33        android:appComponentFactory="androidx.core.app.CoreComponentFactory"
33-->[androidx.core:core:1.13.0] AndroidManifest.xml:28:18-86
34        android:debuggable="true"
35        android:extractNativeLibs="false"
36        android:icon="@drawable/dropbox_big"
36-->src\main\AndroidManifest.xml:15:9-45
37        android:label="@string/app_name"
37-->src\main\AndroidManifest.xml:16:9-41
38        android:supportsRtl="true"
38-->src\main\AndroidManifest.xml:17:9-35
39        android:testOnly="true"
40        android:theme="@style/AppTheme" >
40-->src\main\AndroidManifest.xml:18:9-40
41        <activity
41-->src\main\AndroidManifest.xml:20:9-28:20
42            android:name="com.dropbox.core.examples.android.FilesActivity"
42-->src\main\AndroidManifest.xml:21:13-42
43            android:exported="true"
43-->src\main\AndroidManifest.xml:22:13-36
44            android:label="@string/app_name" >
44-->src\main\AndroidManifest.xml:23:13-45
45            <intent-filter>
45-->src\main\AndroidManifest.xml:24:13-27:29
46                <action android:name="android.intent.action.MAIN" />
46-->src\main\AndroidManifest.xml:25:17-69
46-->src\main\AndroidManifest.xml:25:25-66
47
48                <category android:name="android.intent.category.LAUNCHER" />
48-->src\main\AndroidManifest.xml:26:17-77
48-->src\main\AndroidManifest.xml:26:27-74
49            </intent-filter>
50        </activity>
51        <activity
51-->src\main\AndroidManifest.xml:30:9-41:20
52            android:name="com.dropbox.core.android.AuthActivity"
52-->src\main\AndroidManifest.xml:31:13-65
53            android:configChanges="orientation|keyboard"
53-->src\main\AndroidManifest.xml:32:13-57
54            android:exported="true"
54-->src\main\AndroidManifest.xml:33:13-36
55            android:launchMode="singleTask" >
55-->src\main\AndroidManifest.xml:34:13-44
56            <intent-filter>
56-->src\main\AndroidManifest.xml:35:13-40:29
57                <data
57-->src\main\AndroidManifest.xml:36:17-77
58                    android:host="1"
58-->src\main\AndroidManifest.xml:36:59-75
59                    android:scheme="db-xxnncso2v6rq3ml" />
59-->src\main\AndroidManifest.xml:36:23-58
60
61                <action android:name="android.intent.action.VIEW" />
61-->src\main\AndroidManifest.xml:37:17-69
61-->src\main\AndroidManifest.xml:37:25-66
62
63                <category android:name="android.intent.category.BROWSABLE" />
63-->src\main\AndroidManifest.xml:38:17-78
63-->src\main\AndroidManifest.xml:38:27-75
64                <category android:name="android.intent.category.DEFAULT" />
64-->src\main\AndroidManifest.xml:39:17-76
64-->src\main\AndroidManifest.xml:39:27-73
65            </intent-filter>
66        </activity>
67        <activity
67-->src\main\AndroidManifest.xml:43:9-52:20
68            android:name="com.dropbox.core.examples.android.internal.OpenWithActivity"
68-->src\main\AndroidManifest.xml:44:13-54
69            android:exported="true"
69-->src\main\AndroidManifest.xml:45:13-36
70            android:label="@string/title_activity_openwith" >
70-->src\main\AndroidManifest.xml:46:13-60
71            <intent-filter>
71-->src\main\AndroidManifest.xml:47:13-51:29
72                <action android:name="com.dropbox.android.intent.action.DBXC_EDIT" />
72-->src\main\AndroidManifest.xml:48:17-86
72-->src\main\AndroidManifest.xml:48:25-83
73
74                <category android:name="android.intent.category.DEFAULT" />
74-->src\main\AndroidManifest.xml:39:17-76
74-->src\main\AndroidManifest.xml:39:27-73
75
76                <data android:mimeType="text/plain" />
76-->src\main\AndroidManifest.xml:36:17-77
76-->src\main\AndroidManifest.xml:50:23-52
77            </intent-filter>
78        </activity>
79
80        <uses-library
80-->[com.google.android.libraries.play.games:inputmapping:1.1.1-beta] AndroidManifest.xml:14:9-16:40
81            android:name="app-inputmapping"
81-->[com.google.android.libraries.play.games:inputmapping:1.1.1-beta] AndroidManifest.xml:15:13-44
82            android:required="false" />
82-->[com.google.android.libraries.play.games:inputmapping:1.1.1-beta] AndroidManifest.xml:16:13-37
83
84        <activity
84-->[com.google.android.gms:play-services-base:18.5.0] AndroidManifest.xml:5:9-173
85            android:name="com.google.android.gms.common.api.GoogleApiActivity"
85-->[com.google.android.gms:play-services-base:18.5.0] AndroidManifest.xml:5:19-85
86            android:exported="false"
86-->[com.google.android.gms:play-services-base:18.5.0] AndroidManifest.xml:5:146-170
87            android:theme="@android:style/Theme.Translucent.NoTitleBar" />
87-->[com.google.android.gms:play-services-base:18.5.0] AndroidManifest.xml:5:86-145
88
89        <meta-data
89-->[com.google.android.gms:play-services-basement:18.4.0] AndroidManifest.xml:6:9-122
90            android:name="com.google.android.gms.version"
90-->[com.google.android.gms:play-services-basement:18.4.0] AndroidManifest.xml:6:20-65
91            android:value="@integer/google_play_services_version" />
91-->[com.google.android.gms:play-services-basement:18.4.0] AndroidManifest.xml:6:66-119
92
93        <provider
93-->[androidx.emoji2:emoji2:1.3.0] AndroidManifest.xml:24:9-32:20
94            android:name="androidx.startup.InitializationProvider"
94-->[androidx.emoji2:emoji2:1.3.0] AndroidManifest.xml:25:13-67
95            android:authorities="com.dropbox.core.examples.android.androidx-startup"
95-->[androidx.emoji2:emoji2:1.3.0] AndroidManifest.xml:26:13-68
96            android:exported="false" >
96-->[androidx.emoji2:emoji2:1.3.0] AndroidManifest.xml:27:13-37
97            <meta-data
97-->[androidx.emoji2:emoji2:1.3.0] AndroidManifest.xml:29:13-31:52
98                android:name="androidx.emoji2.text.EmojiCompatInitializer"
98-->[androidx.emoji2:emoji2:1.3.0] AndroidManifest.xml:30:17-75
99                android:value="androidx.startup" />
99-->[androidx.emoji2:emoji2:1.3.0] AndroidManifest.xml:31:17-49
100            <meta-data
100-->[androidx.lifecycle:lifecycle-process:2.6.2] AndroidManifest.xml:29:13-31:52
101                android:name="androidx.lifecycle.ProcessLifecycleInitializer"
101-->[androidx.lifecycle:lifecycle-process:2.6.2] AndroidManifest.xml:30:17-78
102                android:value="androidx.startup" />
102-->[androidx.lifecycle:lifecycle-process:2.6.2] AndroidManifest.xml:31:17-49
103            <meta-data
103-->[androidx.profileinstaller:profileinstaller:1.3.1] AndroidManifest.xml:29:13-31:52
104                android:name="androidx.profileinstaller.ProfileInstallerInitializer"
104-->[androidx.profileinstaller:profileinstaller:1.3.1] AndroidManifest.xml:30:17-85
105                android:value="androidx.startup" />
105-->[androidx.profileinstaller:profileinstaller:1.3.1] AndroidManifest.xml:31:17-49
106        </provider>
107        <provider
107-->[com.squareup.picasso:picasso:2.8] AndroidManifest.xml:8:9-11:40
108            android:name="com.squareup.picasso.PicassoProvider"
108-->[com.squareup.picasso:picasso:2.8] AndroidManifest.xml:9:13-64
109            android:authorities="com.dropbox.core.examples.android.com.squareup.picasso"
109-->[com.squareup.picasso:picasso:2.8] AndroidManifest.xml:10:13-72
110            android:exported="false" />
110-->[com.squareup.picasso:picasso:2.8] AndroidManifest.xml:11:13-37
111
112        <receiver
112-->[androidx.profileinstaller:profileinstaller:1.3.1] AndroidManifest.xml:34:9-52:20
113            android:name="androidx.profileinstaller.ProfileInstallReceiver"
113-->[androidx.profileinstaller:profileinstaller:1.3.1] AndroidManifest.xml:35:13-76
114            android:directBootAware="false"
114-->[androidx.profileinstaller:profileinstaller:1.3.1] AndroidManifest.xml:36:13-44
115            android:enabled="true"
115-->[androidx.profileinstaller:profileinstaller:1.3.1] AndroidManifest.xml:37:13-35
116            android:exported="true"
116-->[androidx.profileinstaller:profileinstaller:1.3.1] AndroidManifest.xml:38:13-36
117            android:permission="android.permission.DUMP" >
117-->[androidx.profileinstaller:profileinstaller:1.3.1] AndroidManifest.xml:39:13-57
118            <intent-filter>
118-->[androidx.profileinstaller:profileinstaller:1.3.1] AndroidManifest.xml:40:13-42:29
119                <action android:name="androidx.profileinstaller.action.INSTALL_PROFILE" />
119-->[androidx.profileinstaller:profileinstaller:1.3.1] AndroidManifest.xml:41:17-91
119-->[androidx.profileinstaller:profileinstaller:1.3.1] AndroidManifest.xml:41:25-88
120            </intent-filter>
121            <intent-filter>
121-->[androidx.profileinstaller:profileinstaller:1.3.1] AndroidManifest.xml:43:13-45:29
122                <action android:name="androidx.profileinstaller.action.SKIP_FILE" />
122-->[androidx.profileinstaller:profileinstaller:1.3.1] AndroidManifest.xml:44:17-85
122-->[androidx.profileinstaller:profileinstaller:1.3.1] AndroidManifest.xml:44:25-82
123            </intent-filter>
124            <intent-filter>
124-->[androidx.profileinstaller:profileinstaller:1.3.1] AndroidManifest.xml:46:13-48:29
125                <action android:name="androidx.profileinstaller.action.SAVE_PROFILE" />
125-->[androidx.profileinstaller:profileinstaller:1.3.1] AndroidManifest.xml:47:17-88
125-->[androidx.profileinstaller:profileinstaller:1.3.1] AndroidManifest.xml:47:25-85
126            </intent-filter>
127            <intent-filter>
127-->[androidx.profileinstaller:profileinstaller:1.3.1] AndroidManifest.xml:49:13-51:29
128                <action android:name="androidx.profileinstaller.action.BENCHMARK_OPERATION" />
128-->[androidx.profileinstaller:profileinstaller:1.3.1] AndroidManifest.xml:50:17-95
128-->[androidx.profileinstaller:profileinstaller:1.3.1] AndroidManifest.xml:50:25-92
129            </intent-filter>
130        </receiver>
131    </application>
132
133</manifest>